
> planner@0.1.0 build
> prisma generate && next build

Environment variables loaded from .env
Prisma schema loaded from prisma\schema.prisma

Î“ÂŁĂ¶ Generated Prisma Client (v5.22.0) to .\node_modules\@prisma\client in 137ms

Start by importing your Prisma Client (See: https://pris.ly/d/importing-client)

Tip: Want to react to database changes in your app as they happen? Discover how with Pulse: https://pris.ly/tip-1-pulse

Î“Ă»â–“ Next.js 16.1.6 (Turbopack)
- Environments: .env

  Creating an optimized production build ...
Î“ÂŁĂ´ Compiled successfully in 5.3s
  Running TypeScript ...
  Collecting page data using 15 workers ...
  Generating static pages using 15 workers (0/21) ...
  Generating static pages using 15 workers (5/21) 
  Generating static pages using 15 workers (10/21) 
  Generating static pages using 15 workers (15/21) 
Î“ÂŁĂ´ Generating static pages using 15 workers (21/21) in 720.2ms
  Finalizing page optimization ...

Route (app)
Î“Ă¶Ă® Î“ĂąĂŻ /
Î“Ă¶ÂŁ Î“ĂąĂŻ /_not-found
Î“Ă¶ÂŁ â•žĂ† /api/auth/canvas/callback
Î“Ă¶ÂŁ â•žĂ† /api/auth/canvas/login
Î“Ă¶ÂŁ â•žĂ† /api/availability
Î“Ă¶ÂŁ â•žĂ† /api/blocks
Î“Ă¶ÂŁ â•žĂ† /api/blocks/[id]
Î“Ă¶ÂŁ â•žĂ† /api/canvas/sync
Î“Ă¶ÂŁ â•žĂ† /api/canvas/sync-courses
Î“Ă¶ÂŁ â•žĂ† /api/canvas/sync-syllabus
Î“Ă¶ÂŁ â•žĂ† /api/courses
Î“Ă¶ÂŁ â•žĂ† /api/courses/[courseId]
Î“Ă¶ÂŁ â•žĂ† /api/courses/bulk-delete
Î“Ă¶ÂŁ â•žĂ† /api/plan
Î“Ă¶ÂŁ â•žĂ† /api/plan/bulk-delete
Î“Ă¶ÂŁ â•žĂ† /api/plan/generate
Î“Ă¶ÂŁ â•žĂ† /api/tasks
Î“Ă¶ÂŁ â•žĂ† /api/tasks/[id]
Î“Ă¶ÂŁ â•žĂ† /api/user/canvas-token
Î“Ă¶ÂŁ â•žĂ† /api/user/reset
Î“Ă¶ÂŁ â•žĂ† /calendar
Î“Ă¶ÂŁ â•žĂ† /courses
Î“Ă¶ÂŁ Î“ĂąĂŻ /settings
Î“Ă¶ÂŁ â•žĂ† /sign-in/[[...sign-in]]
Î“Ă¶ÂŁ â•žĂ† /sign-up/[[...sign-up]]
Î“Ă¶Ă¶ Î“ĂąĂŻ /tasks


â•žĂ† Proxy (Middleware)

Î“ĂąĂŻ  (Static)   prerendered as static content
â•žĂ†  (Dynamic)  server-rendered on demand

